build/app/intermediates/manifest_merge_blame_file/release/manifest-merger-blame-release-report.txt
1<?xml version="1.0" encoding="utf-8"?>
2<manifest xmlns:android="http://schemas.android.com/apk/res/android"
3    package="com.rds.newway"
4    android:versionCode="1"
5    android:versionName="1.0" >
6
7    <uses-sdk
8        android:minSdkVersion="24"
9        android:targetSdkVersion="34" />
10
11    <!-- Permissions for camera and audio recording -->
12    <uses-permission android:name="android.permission.INTERNET" />
12-->src/main/AndroidManifest.xml:4:5-66
12-->src/main/AndroidManifest.xml:4:22-64
13    <uses-permission android:name="android.permission.CAMERA" />
13-->src/main/AndroidManifest.xml:5:5-64
13-->src/main/AndroidManifest.xml:5:22-62
14    <uses-permission android:name="android.permission.RECORD_AUDIO" />
14-->src/main/AndroidManifest.xml:6:5-70
14-->src/main/AndroidManifest.xml:6:22-68
15    <uses-permission android:name="android.permission.ACCESS_FINE_LOCATION" />
15-->src/main/AndroidManifest.xml:7:5-79
15-->src/main/AndroidManifest.xml:7:22-76
16    <uses-permission android:name="android.permission.ACCESS_COARSE_LOCATION" />
16-->src/main/AndroidManifest.xml:8:5-81
16-->src/main/AndroidManifest.xml:8:22-78
17    <uses-permission
17-->src/main/AndroidManifest.xml:9:5-81
18        android:name="android.permission.WRITE_EXTERNAL_STORAGE"
18-->src/main/AndroidManifest.xml:9:22-78
19        android:maxSdkVersion="28" />
19-->[:camera_android_camerax] AndroidManifest.xml:14:9-35
20    <uses-permission android:name="android.permission.READ_EXTERNAL_STORAGE" />
20-->src/main/AndroidManifest.xml:10:5-80
20-->src/main/AndroidManifest.xml:10:22-77
21
22    <!-- Declare the camera hardware feature outside the <application> tag -->
23    <uses-feature android:name="android.hardware.camera" />
23-->src/main/AndroidManifest.xml:14:5-59
23-->src/main/AndroidManifest.xml:14:19-57
24    <uses-feature android:name="android.hardware.camera.autofocus" />
24-->src/main/AndroidManifest.xml:15:5-69
24-->src/main/AndroidManifest.xml:15:19-67
25
26    <!-- Query activities that can process text -->
27    <queries>
27-->src/main/AndroidManifest.xml:51:5-56:15
28        <intent>
28-->src/main/AndroidManifest.xml:52:9-55:18
29            <action android:name="android.intent.action.PROCESS_TEXT" />
29-->src/main/AndroidManifest.xml:53:13-72
29-->src/main/AndroidManifest.xml:53:21-70
30
31            <data android:mimeType="text/plain" />
31-->src/main/AndroidManifest.xml:54:13-50
31-->src/main/AndroidManifest.xml:54:19-48
32        </intent>
33        <!-- Needs to be explicitly declared on Android R+ -->
34        <package android:name="com.google.android.apps.maps" />
34-->[com.google.android.gms:play-services-maps:18.2.0] AndroidManifest.xml:33:9-64
34-->[com.google.android.gms:play-services-maps:18.2.0] AndroidManifest.xml:33:18-61
35    </queries>
36
37    <uses-feature android:name="android.hardware.camera.any" /> <!-- Include required permissions for Google Maps API to run. -->
37-->[:camera_android_camerax] AndroidManifest.xml:8:5-64
37-->[:camera_android_camerax] AndroidManifest.xml:8:19-61
38    <uses-permission android:name="android.permission.ACCESS_NETWORK_STATE" />
38-->[com.google.android.gms:play-services-maps:18.2.0] AndroidManifest.xml:23:5-79
38-->[com.google.android.gms:play-services-maps:18.2.0] AndroidManifest.xml:23:22-76
39
40    <uses-feature
40-->[com.google.android.gms:play-services-maps:18.2.0] AndroidManifest.xml:26:5-28:35
41        android:glEsVersion="0x00020000"
41-->[com.google.android.gms:play-services-maps:18.2.0] AndroidManifest.xml:27:9-41
42        android:required="true" />
42-->[com.google.android.gms:play-services-maps:18.2.0] AndroidManifest.xml:28:9-32
43
44    <uses-permission android:name="com.google.android.providers.gsf.permission.READ_GSERVICES" />
44-->[com.google.android.recaptcha:recaptcha:18.4.0] AndroidManifest.xml:9:5-98
44-->[com.google.android.recaptcha:recaptcha:18.4.0] AndroidManifest.xml:9:22-95
45
46    <permission
46-->[androidx.core:core:1.13.1] AndroidManifest.xml:22:5-24:47
47        android:name="com.rds.newway.DYNAMIC_RECEIVER_NOT_EXPORTED_PERMISSION"
47-->[androidx.core:core:1.13.1] AndroidManifest.xml:23:9-81
48        android:protectionLevel="signature" />
48-->[androidx.core:core:1.13.1] AndroidManifest.xml:24:9-44
49
50    <uses-permission android:name="com.rds.newway.DYNAMIC_RECEIVER_NOT_EXPORTED_PERMISSION" />
50-->[androidx.core:core:1.13.1] AndroidManifest.xml:26:5-97
50-->[androidx.core:core:1.13.1] AndroidManifest.xml:26:22-94
51
52    <application
53        android:name="android.app.Application"
53-->src/main/AndroidManifest.xml:19:9-42
54        android:appComponentFactory="androidx.core.app.CoreComponentFactory"
54-->[androidx.core:core:1.13.1] AndroidManifest.xml:28:18-86
55        android:extractNativeLibs="false"
56        android:icon="@mipmap/ic_launcher"
56-->src/main/AndroidManifest.xml:20:9-43
57        android:label="newway" >
57-->src/main/AndroidManifest.xml:18:9-31
58        <activity
58-->src/main/AndroidManifest.xml:22:9-41:20
59            android:name="com.rds.newway.MainActivity"
59-->src/main/AndroidManifest.xml:23:13-41
60            android:configChanges="orientation|keyboardHidden|keyboard|screenSize|smallestScreenSize|locale|layoutDirection|fontScale|screenLayout|density|uiMode"
60-->src/main/AndroidManifest.xml:28:13-163
61            android:exported="true"
61-->src/main/AndroidManifest.xml:24:13-36
62            android:hardwareAccelerated="true"
62-->src/main/AndroidManifest.xml:29:13-47
63            android:launchMode="singleTop"
63-->src/main/AndroidManifest.xml:25:13-43
64            android:taskAffinity=""
64-->src/main/AndroidManifest.xml:26:13-36
65            android:theme="@style/LaunchTheme"
65-->src/main/AndroidManifest.xml:27:13-47
66            android:windowSoftInputMode="adjustResize" >
66-->src/main/AndroidManifest.xml:30:13-55
67
68            <!-- Specifies the Android theme to apply before Flutter UI initializes -->
69            <meta-data
69-->src/main/AndroidManifest.xml:33:13-35:57
70                android:name="io.flutter.embedding.android.NormalTheme"
70-->src/main/AndroidManifest.xml:34:17-72
71                android:resource="@style/NormalTheme" />
71-->src/main/AndroidManifest.xml:35:17-54
72
73            <intent-filter>
73-->src/main/AndroidManifest.xml:37:13-40:29
74                <action android:name="android.intent.action.MAIN" />
74-->src/main/AndroidManifest.xml:38:17-68
74-->src/main/AndroidManifest.xml:38:25-66
75
76                <category android:name="android.intent.category.LAUNCHER" />
76-->src/main/AndroidManifest.xml:39:17-76
76-->src/main/AndroidManifest.xml:39:27-74
77            </intent-filter>
78        </activity>
79
80        <!-- Don't delete this meta-data, required by Flutter -->
81        <meta-data
81-->src/main/AndroidManifest.xml:44:9-46:33
82            android:name="flutterEmbedding"
82-->src/main/AndroidManifest.xml:45:13-44
83            android:value="2" />
83-->src/main/AndroidManifest.xml:46:13-30
84
85        <service
85-->[:cloud_firestore] AndroidManifest.xml:8:9-12:19
86            android:name="com.google.firebase.components.ComponentDiscoveryService"
86-->[:cloud_firestore] AndroidManifest.xml:8:18-89
87            android:directBootAware="true"
87-->[com.google.firebase:firebase-common:21.0.0] AndroidManifest.xml:32:13-43
88            android:exported="false" >
88-->[com.google.firebase:firebase-auth:23.0.0] AndroidManifest.xml:68:13-37
89            <meta-data
89-->[:cloud_firestore] AndroidManifest.xml:9:13-11:85
90                android:name="com.google.firebase.components:io.flutter.plugins.firebase.firestore.FlutterFirebaseFirestoreRegistrar"
90-->[:cloud_firestore] AndroidManifest.xml:10:17-134
91                android:value="com.google.firebase.components.ComponentRegistrar" />
91-->[:cloud_firestore] AndroidManifest.xml:11:17-82
92            <meta-data
92-->[:firebase_app_check] AndroidManifest.xml:9:13-11:85
93                android:name="com.google.firebase.components:io.flutter.plugins.firebase.appcheck.FlutterFirebaseAppRegistrar"
93-->[:firebase_app_check] AndroidManifest.xml:10:17-127
94                android:value="com.google.firebase.components.ComponentRegistrar" />
94-->[:firebase_app_check] AndroidManifest.xml:11:17-82
95            <meta-data
95-->[:firebase_auth] AndroidManifest.xml:9:13-11:85
96                android:name="com.google.firebase.components:io.flutter.plugins.firebase.auth.FlutterFirebaseAuthRegistrar"
96-->[:firebase_auth] AndroidManifest.xml:10:17-124
97                android:value="com.google.firebase.components.ComponentRegistrar" />
97-->[:firebase_auth] AndroidManifest.xml:11:17-82
98            <meta-data
98-->[:firebase_storage] AndroidManifest.xml:9:13-11:85
99                android:name="com.google.firebase.components:io.flutter.plugins.firebase.storage.FlutterFirebaseAppRegistrar"
99-->[:firebase_storage] AndroidManifest.xml:10:17-126
100                android:value="com.google.firebase.components.ComponentRegistrar" />
100-->[:firebase_storage] AndroidManifest.xml:11:17-82
101            <meta-data
101-->[:firebase_core] AndroidManifest.xml:9:13-11:85
102                android:name="com.google.firebase.components:io.flutter.plugins.firebase.core.FlutterFirebaseCoreRegistrar"
102-->[:firebase_core] AndroidManifest.xml:10:17-124
103                android:value="com.google.firebase.components.ComponentRegistrar" />
103-->[:firebase_core] AndroidManifest.xml:11:17-82
104            <meta-data
104-->[com.google.firebase:firebase-auth:23.0.0] AndroidManifest.xml:69:13-71:85
105                android:name="com.google.firebase.components:com.google.firebase.auth.FirebaseAuthRegistrar"
105-->[com.google.firebase:firebase-auth:23.0.0] AndroidManifest.xml:70:17-109
106                android:value="com.google.firebase.components.ComponentRegistrar" />
106-->[com.google.firebase:firebase-auth:23.0.0] AndroidManifest.xml:71:17-82
107            <meta-data
107-->[com.google.firebase:firebase-appcheck-safetynet:16.1.2] AndroidManifest.xml:27:13-29:85
108                android:name="com.google.firebase.components:com.google.firebase.appcheck.safetynet.FirebaseAppCheckSafetyNetRegistrar"
108-->[com.google.firebase:firebase-appcheck-safetynet:16.1.2] AndroidManifest.xml:28:17-136
109                android:value="com.google.firebase.components.ComponentRegistrar" />
109-->[com.google.firebase:firebase-appcheck-safetynet:16.1.2] AndroidManifest.xml:29:17-82
110            <meta-data
110-->[com.google.firebase:firebase-appcheck-debug:18.0.0] AndroidManifest.xml:25:13-27:85
111                android:name="com.google.firebase.components:com.google.firebase.appcheck.debug.FirebaseAppCheckDebugRegistrar"
111-->[com.google.firebase:firebase-appcheck-debug:18.0.0] AndroidManifest.xml:26:17-128
112                android:value="com.google.firebase.components.ComponentRegistrar" />
112-->[com.google.firebase:firebase-appcheck-debug:18.0.0] AndroidManifest.xml:27:17-82
113            <meta-data
113-->[com.google.firebase:firebase-firestore:25.1.0] AndroidManifest.xml:17:13-19:85
114                android:name="com.google.firebase.components:com.google.firebase.firestore.FirebaseFirestoreKtxRegistrar"
114-->[com.google.firebase:firebase-firestore:25.1.0] AndroidManifest.xml:18:17-122
115                android:value="com.google.firebase.components.ComponentRegistrar" />
115-->[com.google.firebase:firebase-firestore:25.1.0] AndroidManifest.xml:19:17-82
116            <meta-data
116-->[com.google.firebase:firebase-firestore:25.1.0] AndroidManifest.xml:20:13-22:85
117                android:name="com.google.firebase.components:com.google.firebase.firestore.FirestoreRegistrar"
117-->[com.google.firebase:firebase-firestore:25.1.0] AndroidManifest.xml:21:17-111
118                android:value="com.google.firebase.components.ComponentRegistrar" />
118-->[com.google.firebase:firebase-firestore:25.1.0] AndroidManifest.xml:22:17-82
119            <meta-data
119-->[com.google.firebase:firebase-appcheck-playintegrity:18.0.0] AndroidManifest.xml:25:13-27:85
120                android:name="com.google.firebase.components:com.google.firebase.appcheck.playintegrity.FirebaseAppCheckPlayIntegrityRegistrar"
120-->[com.google.firebase:firebase-appcheck-playintegrity:18.0.0] AndroidManifest.xml:26:17-144
121                android:value="com.google.firebase.components.ComponentRegistrar" />
121-->[com.google.firebase:firebase-appcheck-playintegrity:18.0.0] AndroidManifest.xml:27:17-82
122            <meta-data
122-->[com.google.firebase:firebase-storage:21.0.0] AndroidManifest.xml:30:13-32:85
123                android:name="com.google.firebase.components:com.google.firebase.storage.FirebaseStorageKtxRegistrar"
123-->[com.google.firebase:firebase-storage:21.0.0] AndroidManifest.xml:31:17-118
124                android:value="com.google.firebase.components.ComponentRegistrar" />
124-->[com.google.firebase:firebase-storage:21.0.0] AndroidManifest.xml:32:17-82
125            <meta-data
125-->[com.google.firebase:firebase-storage:21.0.0] AndroidManifest.xml:33:13-35:85
126                android:name="com.google.firebase.components:com.google.firebase.storage.StorageRegistrar"
126-->[com.google.firebase:firebase-storage:21.0.0] AndroidManifest.xml:34:17-107
127                android:value="com.google.firebase.components.ComponentRegistrar" />
127-->[com.google.firebase:firebase-storage:21.0.0] AndroidManifest.xml:35:17-82
128            <meta-data
128-->[com.google.firebase:firebase-appcheck:18.0.0] AndroidManifest.xml:25:13-27:85
129                android:name="com.google.firebase.components:com.google.firebase.appcheck.FirebaseAppCheckKtxRegistrar"
129-->[com.google.firebase:firebase-appcheck:18.0.0] AndroidManifest.xml:26:17-120
130                android:value="com.google.firebase.components.ComponentRegistrar" />
130-->[com.google.firebase:firebase-appcheck:18.0.0] AndroidManifest.xml:27:17-82
131            <meta-data
131-->[com.google.firebase:firebase-appcheck:18.0.0] AndroidManifest.xml:28:13-30:85
132                android:name="com.google.firebase.components:com.google.firebase.appcheck.FirebaseAppCheckRegistrar"
132-->[com.google.firebase:firebase-appcheck:18.0.0] AndroidManifest.xml:29:17-117
133                android:value="com.google.firebase.components.ComponentRegistrar" />
133-->[com.google.firebase:firebase-appcheck:18.0.0] AndroidManifest.xml:30:17-82
134            <meta-data
134-->[com.google.firebase:firebase-common-ktx:21.0.0] AndroidManifest.xml:12:13-14:85
135                android:name="com.google.firebase.components:com.google.firebase.ktx.FirebaseCommonLegacyRegistrar"
135-->[com.google.firebase:firebase-common-ktx:21.0.0] AndroidManifest.xml:13:17-116
136                android:value="com.google.firebase.components.ComponentRegistrar" />
136-->[com.google.firebase:firebase-common-ktx:21.0.0] AndroidManifest.xml:14:17-82
137            <meta-data
137-->[com.google.firebase:firebase-common:21.0.0] AndroidManifest.xml:35:13-37:85
138                android:name="com.google.firebase.components:com.google.firebase.FirebaseCommonKtxRegistrar"
138-->[com.google.firebase:firebase-common:21.0.0] AndroidManifest.xml:36:17-109
139                android:value="com.google.firebase.components.ComponentRegistrar" />
139-->[com.google.firebase:firebase-common:21.0.0] AndroidManifest.xml:37:17-82
140        </service>
141
142        <provider
142-->[:image_picker_android] AndroidManifest.xml:9:9-17:20
143            android:name="io.flutter.plugins.imagepicker.ImagePickerFileProvider"
143-->[:image_picker_android] AndroidManifest.xml:10:13-82
144            android:authorities="com.rds.newway.flutter.image_provider"
144-->[:image_picker_android] AndroidManifest.xml:11:13-74
145            android:exported="false"
145-->[:image_picker_android] AndroidManifest.xml:12:13-37
146            android:grantUriPermissions="true" >
146-->[:image_picker_android] AndroidManifest.xml:13:13-47
147            <meta-data
147-->[:image_picker_android] AndroidManifest.xml:14:13-16:75
148                android:name="android.support.FILE_PROVIDER_PATHS"
148-->[:image_picker_android] AndroidManifest.xml:15:17-67
149                android:resource="@xml/flutter_image_picker_file_paths" />
149-->[:image_picker_android] AndroidManifest.xml:16:17-72
150        </provider> <!-- Trigger Google Play services to install the backported photo picker module. -->
151        <service
151-->[:image_picker_android] AndroidManifest.xml:19:9-31:19
152            android:name="com.google.android.gms.metadata.ModuleDependencies"
152-->[:image_picker_android] AndroidManifest.xml:20:13-78
153            android:enabled="false"
153-->[:image_picker_android] AndroidManifest.xml:21:13-36
154            android:exported="false" >
154-->[:image_picker_android] AndroidManifest.xml:22:13-37
155            <intent-filter>
155-->[:image_picker_android] AndroidManifest.xml:24:13-26:29
156                <action android:name="com.google.android.gms.metadata.MODULE_DEPENDENCIES" />
156-->[:image_picker_android] AndroidManifest.xml:25:17-94
156-->[:image_picker_android] AndroidManifest.xml:25:25-91
157            </intent-filter>
158
159            <meta-data
159-->[:image_picker_android] AndroidManifest.xml:28:13-30:36
160                android:name="photopicker_activity:0:required"
160-->[:image_picker_android] AndroidManifest.xml:29:17-63
161                android:value="" />
161-->[:image_picker_android] AndroidManifest.xml:30:17-33
162        </service>
163        <service
163-->[:geolocator_android] AndroidManifest.xml:8:9-12:56
164            android:name="com.baseflow.geolocator.GeolocatorLocationService"
164-->[:geolocator_android] AndroidManifest.xml:9:13-77
165            android:enabled="true"
165-->[:geolocator_android] AndroidManifest.xml:10:13-35
166            android:exported="false"
166-->[:geolocator_android] AndroidManifest.xml:11:13-37
167            android:foregroundServiceType="location" />
167-->[:geolocator_android] AndroidManifest.xml:12:13-53
168        <!--
169           Declares a provider which allows us to store files to share in
170           '.../caches/share_plus' and grant the receiving action access
171        -->
172        <provider
172-->[:share_plus] AndroidManifest.xml:13:9-21:20
173            android:name="dev.fluttercommunity.plus.share.ShareFileProvider"
173-->[:share_plus] AndroidManifest.xml:14:13-77
174            android:authorities="com.rds.newway.flutter.share_provider"
174-->[:share_plus] AndroidManifest.xml:15:13-74
175            android:exported="false"
175-->[:share_plus] AndroidManifest.xml:16:13-37
176            android:grantUriPermissions="true" >
176-->[:share_plus] AndroidManifest.xml:17:13-47
177            <meta-data
177-->[:image_picker_android] AndroidManifest.xml:14:13-16:75
178                android:name="android.support.FILE_PROVIDER_PATHS"
178-->[:image_picker_android] AndroidManifest.xml:15:17-67
179                android:resource="@xml/flutter_share_file_paths" />
179-->[:image_picker_android] AndroidManifest.xml:16:17-72
180        </provider>
181        <!--
182           This manifest declared broadcast receiver allows us to use an explicit
183           Intent when creating a PendingItent to be informed of the user's choice
184        -->
185        <receiver
185-->[:share_plus] AndroidManifest.xml:26:9-32:20
186            android:name="dev.fluttercommunity.plus.share.SharePlusPendingIntent"
186-->[:share_plus] AndroidManifest.xml:27:13-82
187            android:exported="false" >
187-->[:share_plus] AndroidManifest.xml:28:13-37
188            <intent-filter>
188-->[:share_plus] AndroidManifest.xml:29:13-31:29
189                <action android:name="EXTRA_CHOSEN_COMPONENT" />
189-->[:share_plus] AndroidManifest.xml:30:17-65
189-->[:share_plus] AndroidManifest.xml:30:25-62
190            </intent-filter>
191        </receiver>
192
193        <service
193-->[androidx.camera:camera-camera2:1.3.4] AndroidManifest.xml:24:9-33:19
194            android:name="androidx.camera.core.impl.MetadataHolderService"
194-->[androidx.camera:camera-camera2:1.3.4] AndroidManifest.xml:25:13-75
195            android:enabled="false"
195-->[androidx.camera:camera-camera2:1.3.4] AndroidManifest.xml:26:13-36
196            android:exported="false" >
196-->[androidx.camera:camera-camera2:1.3.4] AndroidManifest.xml:27:13-37
197            <meta-data
197-->[androidx.camera:camera-camera2:1.3.4] AndroidManifest.xml:30:13-32:89
198                android:name="androidx.camera.core.impl.MetadataHolderService.DEFAULT_CONFIG_PROVIDER"
198-->[androidx.camera:camera-camera2:1.3.4] AndroidManifest.xml:31:17-103
199                android:value="androidx.camera.camera2.Camera2Config$DefaultProvider" />
199-->[androidx.camera:camera-camera2:1.3.4] AndroidManifest.xml:32:17-86
200        </service> <!-- Needs to be explicitly declared on P+ -->
201        <uses-library
201-->[com.google.android.gms:play-services-maps:18.2.0] AndroidManifest.xml:39:9-41:40
202            android:name="org.apache.http.legacy"
202-->[com.google.android.gms:play-services-maps:18.2.0] AndroidManifest.xml:40:13-50
203            android:required="false" />
203-->[com.google.android.gms:play-services-maps:18.2.0] AndroidManifest.xml:41:13-37
204
205        <activity
205-->[com.google.firebase:firebase-auth:23.0.0] AndroidManifest.xml:29:9-46:20
206            android:name="com.google.firebase.auth.internal.GenericIdpActivity"
206-->[com.google.firebase:firebase-auth:23.0.0] AndroidManifest.xml:30:13-80
207            android:excludeFromRecents="true"
207-->[com.google.firebase:firebase-auth:23.0.0] AndroidManifest.xml:31:13-46
208            android:exported="true"
208-->[com.google.firebase:firebase-auth:23.0.0] AndroidManifest.xml:32:13-36
209            android:launchMode="singleTask"
209-->[com.google.firebase:firebase-auth:23.0.0] AndroidManifest.xml:33:13-44
210            android:theme="@android:style/Theme.Translucent.NoTitleBar" >
210-->[com.google.firebase:firebase-auth:23.0.0] AndroidManifest.xml:34:13-72
211            <intent-filter>
211-->[com.google.firebase:firebase-auth:23.0.0] AndroidManifest.xml:35:13-45:29
212                <action android:name="android.intent.action.VIEW" />
212-->[com.google.firebase:firebase-auth:23.0.0] AndroidManifest.xml:36:17-69
212-->[com.google.firebase:firebase-auth:23.0.0] AndroidManifest.xml:36:25-66
213
214                <category android:name="android.intent.category.DEFAULT" />
214-->[com.google.firebase:firebase-auth:23.0.0] AndroidManifest.xml:38:17-76
214-->[com.google.firebase:firebase-auth:23.0.0] AndroidManifest.xml:38:27-73
215                <category android:name="android.intent.category.BROWSABLE" />
215-->[com.google.firebase:firebase-auth:23.0.0] AndroidManifest.xml:39:17-78
215-->[com.google.firebase:firebase-auth:23.0.0] AndroidManifest.xml:39:27-75
216
217                <data
217-->src/main/AndroidManifest.xml:54:13-50
218                    android:host="firebase.auth"
219                    android:path="/"
220                    android:scheme="genericidp" />
221            </intent-filter>
222        </activity>
223        <activity
223-->[com.google.firebase:firebase-auth:23.0.0] AndroidManifest.xml:47:9-64:20
224            android:name="com.google.firebase.auth.internal.RecaptchaActivity"
224-->[com.google.firebase:firebase-auth:23.0.0] AndroidManifest.xml:48:13-79
225            android:excludeFromRecents="true"
225-->[com.google.firebase:firebase-auth:23.0.0] AndroidManifest.xml:49:13-46
226            android:exported="true"
226-->[com.google.firebase:firebase-auth:23.0.0] AndroidManifest.xml:50:13-36
227            android:launchMode="singleTask"
227-->[com.google.firebase:firebase-auth:23.0.0] AndroidManifest.xml:51:13-44
228            android:theme="@android:style/Theme.Translucent.NoTitleBar" >
228-->[com.google.firebase:firebase-auth:23.0.0] AndroidManifest.xml:52:13-72
229            <intent-filter>
229-->[com.google.firebase:firebase-auth:23.0.0] AndroidManifest.xml:53:13-63:29
230                <action android:name="android.intent.action.VIEW" />
230-->[com.google.firebase:firebase-auth:23.0.0] AndroidManifest.xml:36:17-69
230-->[com.google.firebase:firebase-auth:23.0.0] AndroidManifest.xml:36:25-66
231
232                <category android:name="android.intent.category.DEFAULT" />
232-->[com.google.firebase:firebase-auth:23.0.0] AndroidManifest.xml:38:17-76
232-->[com.google.firebase:firebase-auth:23.0.0] AndroidManifest.xml:38:27-73
233                <category android:name="android.intent.category.BROWSABLE" />
233-->[com.google.firebase:firebase-auth:23.0.0] AndroidManifest.xml:39:17-78
233-->[com.google.firebase:firebase-auth:23.0.0] AndroidManifest.xml:39:27-75
234
235                <data
235-->src/main/AndroidManifest.xml:54:13-50
236                    android:host="firebase.auth"
237                    android:path="/"
238                    android:scheme="recaptcha" />
239            </intent-filter>
240        </activity>
241
242        <service
242-->[androidx.credentials:credentials-play-services-auth:1.2.0-rc01] AndroidManifest.xml:24:9-32:19
243            android:name="androidx.credentials.playservices.CredentialProviderMetadataHolder"
243-->[androidx.credentials:credentials-play-services-auth:1.2.0-rc01] AndroidManifest.xml:25:13-94
244            android:enabled="true"
244-->[androidx.credentials:credentials-play-services-auth:1.2.0-rc01] AndroidManifest.xml:26:13-35
245            android:exported="false" >
245-->[androidx.credentials:credentials-play-services-auth:1.2.0-rc01] AndroidManifest.xml:27:13-37
246            <meta-data
246-->[androidx.credentials:credentials-play-services-auth:1.2.0-rc01] AndroidManifest.xml:29:13-31:104
247                android:name="androidx.credentials.CREDENTIAL_PROVIDER_KEY"
247-->[androidx.credentials:credentials-play-services-auth:1.2.0-rc01] AndroidManifest.xml:30:17-76
248                android:value="androidx.credentials.playservices.CredentialProviderPlayServicesImpl" />
248-->[androidx.credentials:credentials-play-services-auth:1.2.0-rc01] AndroidManifest.xml:31:17-101
249        </service>
250
251        <activity
251-->[androidx.credentials:credentials-play-services-auth:1.2.0-rc01] AndroidManifest.xml:34:9-41:20
252            android:name="androidx.credentials.playservices.HiddenActivity"
252-->[androidx.credentials:credentials-play-services-auth:1.2.0-rc01] AndroidManifest.xml:35:13-76
253            android:configChanges="orientation|screenSize|screenLayout|keyboardHidden"
253-->[androidx.credentials:credentials-play-services-auth:1.2.0-rc01] AndroidManifest.xml:36:13-87
254            android:enabled="true"
254-->[androidx.credentials:credentials-play-services-auth:1.2.0-rc01] AndroidManifest.xml:37:13-35
255            android:exported="false"
255-->[androidx.credentials:credentials-play-services-auth:1.2.0-rc01] AndroidManifest.xml:38:13-37
256            android:fitsSystemWindows="true"
256-->[androidx.credentials:credentials-play-services-auth:1.2.0-rc01] AndroidManifest.xml:39:13-45
257            android:theme="@style/Theme.Hidden" >
257-->[androidx.credentials:credentials-play-services-auth:1.2.0-rc01] AndroidManifest.xml:40:13-48
258        </activity>
259        <activity
259-->[com.google.android.gms:play-services-auth:20.7.0] AndroidManifest.xml:23:9-27:75
260            android:name="com.google.android.gms.auth.api.signin.internal.SignInHubActivity"
260-->[com.google.android.gms:play-services-auth:20.7.0] AndroidManifest.xml:24:13-93
261            android:excludeFromRecents="true"
261-->[com.google.android.gms:play-services-auth:20.7.0] AndroidManifest.xml:25:13-46
262            android:exported="false"
262-->[com.google.android.gms:play-services-auth:20.7.0] AndroidManifest.xml:26:13-37
263            android:theme="@android:style/Theme.Translucent.NoTitleBar" />
263-->[com.google.android.gms:play-services-auth:20.7.0] AndroidManifest.xml:27:13-72
264        <!--
265            Service handling Google Sign-In user revocation. For apps that do not integrate with
266            Google Sign-In, this service will never be started.
267        -->
268        <service
268-->[com.google.android.gms:play-services-auth:20.7.0] AndroidManifest.xml:33:9-37:51
269            android:name="com.google.android.gms.auth.api.signin.RevocationBoundService"
269-->[com.google.android.gms:play-services-auth:20.7.0] AndroidManifest.xml:34:13-89
270            android:exported="true"
270-->[com.google.android.gms:play-services-auth:20.7.0] AndroidManifest.xml:35:13-36
271            android:permission="com.google.android.gms.auth.api.signin.permission.REVOCATION_NOTIFICATION"
271-->[com.google.android.gms:play-services-auth:20.7.0] AndroidManifest.xml:36:13-107
272            android:visibleToInstantApps="true" />
272-->[com.google.android.gms:play-services-auth:20.7.0] AndroidManifest.xml:37:13-48
273
274        <activity
274-->[com.google.android.gms:play-services-base:18.3.0] AndroidManifest.xml:20:9-22:45
275            android:name="com.google.android.gms.common.api.GoogleApiActivity"
275-->[com.google.android.gms:play-services-base:18.3.0] AndroidManifest.xml:20:19-85
276            android:exported="false"
276-->[com.google.android.gms:play-services-base:18.3.0] AndroidManifest.xml:22:19-43
277            android:theme="@android:style/Theme.Translucent.NoTitleBar" />
277-->[com.google.android.gms:play-services-base:18.3.0] AndroidManifest.xml:21:19-78
278
279        <provider
279-->[com.google.firebase:firebase-common:21.0.0] AndroidManifest.xml:23:9-28:39
280            android:name="com.google.firebase.provider.FirebaseInitProvider"
280-->[com.google.firebase:firebase-common:21.0.0] AndroidManifest.xml:24:13-77
281            android:authorities="com.rds.newway.firebaseinitprovider"
281-->[com.google.firebase:firebase-common:21.0.0] AndroidManifest.xml:25:13-72